make.sh started at 2024-09-10 15:21:47
Executing: bash my_shell_script.sh
Executing: latexmk my_project.tex -pdf -bibtex
Initial Win CP for (console input, console output, system): (CP850, CP850, CP1252)
I changed them all to CP1252
Rc files read:
  NONE
Latexmk: This is Latexmk, John Collins, 7 Apr. 2024. Version 4.85.
Latexmk: applying rule 'pdflatex'...
Rule 'pdflatex':  Reasons for rerun
Changed files or newly in use/created:
  ../input/table_reg.tex
Category 'changed_user':
  ../input/table_reg.tex

------------
Run number 1 of rule 'pdflatex'
------------
------------
Running 'pdflatex  -recorder  "my_project.tex"'
------------
This is pdfTeX, Version 3.141592653-2.6-1.40.26 (TeX Live 2024) (preloaded format=pdflatex)
 restricted \write18 enabled.
entering extended mode
(./my_project.tex
LaTeX2e <2024-06-01> patch level 2
L3 programming layer <2024-08-16>
(c:/texlive/2024/texmf-dist/tex/latex/base/article.cls
Document Class: article 2024/02/08 v1.4n Standard LaTeX document class
(c:/texlive/2024/texmf-dist/tex/latex/base/size12.clo))
(c:/texlive/2024/texmf-dist/tex/latex/float/float.sty)
(c:/texlive/2024/texmf-dist/tex/latex/amsmath/amsmath.sty
For additional information on amsmath, use the `?' option.
(c:/texlive/2024/texmf-dist/tex/latex/amsmath/amstext.sty
(c:/texlive/2024/texmf-dist/tex/latex/amsmath/amsgen.sty))
(c:/texlive/2024/texmf-dist/tex/latex/amsmath/amsbsy.sty)
(c:/texlive/2024/texmf-dist/tex/latex/amsmath/amsopn.sty))
(c:/texlive/2024/texmf-dist/tex/latex/amscls/amsthm.sty)
(c:/texlive/2024/texmf-dist/tex/latex/amsfonts/amssymb.sty
(c:/texlive/2024/texmf-dist/tex/latex/amsfonts/amsfonts.sty))
(c:/texlive/2024/texmf-dist/tex/latex/graphics/graphicx.sty
(c:/texlive/2024/texmf-dist/tex/latex/graphics/keyval.sty)
(c:/texlive/2024/texmf-dist/tex/latex/graphics/graphics.sty
(c:/texlive/2024/texmf-dist/tex/latex/graphics/trig.sty)
(c:/texlive/2024/texmf-dist/tex/latex/graphics-cfg/graphics.cfg)
(c:/texlive/2024/texmf-dist/tex/latex/graphics-def/pdftex.def)))
(c:/texlive/2024/texmf-dist/tex/latex/natbib/natbib.sty)
(c:/texlive/2024/texmf-dist/tex/latex/setspace/setspace.sty)
(c:/texlive/2024/texmf-dist/tex/latex/geometry/geometry.sty
(c:/texlive/2024/texmf-dist/tex/generic/iftex/ifvtex.sty
(c:/texlive/2024/texmf-dist/tex/generic/iftex/iftex.sty)))
(c:/texlive/2024/texmf-dist/tex/latex/datetime/datetime.sty
(c:/texlive/2024/texmf-dist/tex/latex/etoolbox/etoolbox.sty)
(c:/texlive/2024/texmf-dist/tex/latex/fmtcount/fmtcount.sty
(c:/texlive/2024/texmf-dist/tex/latex/base/ifthen.sty)
(c:/texlive/2024/texmf-dist/tex/latex/xkeyval/xkeyval.sty
(c:/texlive/2024/texmf-dist/tex/generic/xkeyval/xkeyval.tex
(c:/texlive/2024/texmf-dist/tex/generic/xkeyval/xkvutils.tex)))
(c:/texlive/2024/texmf-dist/tex/latex/fmtcount/fcprefix.sty
(c:/texlive/2024/texmf-dist/tex/latex/fmtcount/fcnumparser.sty)))
(c:/texlive/2024/texmf-dist/tex/latex/datetime/datetime-defaults.sty))
(c:/texlive/2024/texmf-dist/tex/latex/booktabs/booktabs.sty)
(c:/texlive/2024/texmf-dist/tex/latex/tools/dcolumn.sty
(c:/texlive/2024/texmf-dist/tex/latex/tools/array.sty))
(c:/texlive/2024/texmf-dist/tex/generic/babel/babel.sty
(c:/texlive/2024/texmf-dist/tex/generic/babel/txtbabel.def)
(c:/texlive/2024/texmf-dist/tex/generic/babel-english/english.ldf))
(c:/texlive/2024/texmf-dist/tex/generic/babel/locale/en/babel-english.tex)
(c:/texlive/2024/texmf-dist/tex/latex/psnfss/times.sty)
(c:/texlive/2024/texmf-dist/tex/latex/url/url.sty)
(c:/texlive/2024/texmf-dist/tex/latex/caption/caption.sty
(c:/texlive/2024/texmf-dist/tex/latex/caption/caption3.sty))
(c:/texlive/2024/texmf-dist/tex/latex/footmisc/footmisc.sty)
(c:/texlive/2024/texmf-dist/tex/latex/psnfss/ot1ptm.fd)
(c:/texlive/2024/texmf-dist/tex/latex/l3backend/l3backend-pdftex.def)
(./my_project.aux)
(c:/texlive/2024/texmf-dist/tex/context/base/mkii/supp-pdf.mkii
[Loading MPS to PDF converter (version 2006.09.02).]
) (c:/texlive/2024/texmf-dist/tex/latex/epstopdf-pkg/epstopdf-base.sty
(c:/texlive/2024/texmf-dist/tex/generic/infwarerr/infwarerr.sty)
(c:/texlive/2024/texmf-dist/tex/latex/grfext/grfext.sty
(c:/texlive/2024/texmf-dist/tex/generic/kvdefinekeys/kvdefinekeys.sty))
(c:/texlive/2024/texmf-dist/tex/latex/kvoptions/kvoptions.sty
(c:/texlive/2024/texmf-dist/tex/generic/ltxcmds/ltxcmds.sty)
(c:/texlive/2024/texmf-dist/tex/latex/kvsetkeys/kvsetkeys.sty))
(c:/texlive/2024/texmf-dist/tex/generic/pdftexcmds/pdftexcmds.sty)
(c:/texlive/2024/texmf-dist/tex/latex/latexconfig/epstopdf-sys.cfg))
*geometry* driver: auto-detecting
*geometry* detected driver: pdftex
*geometry* verbose mode - [ preamble ] result:
* driver: pdftex
* paper: <default>
* layout: <same size as paper>
* layoutoffset:(h,v)=(0.0pt,0.0pt)
* modes: 
* h-part:(L,W,R)=(72.26999pt, 469.75502pt, 72.26999pt)
* v-part:(T,H,B)=(72.26999pt, 650.43001pt, 72.26999pt)
* \paperwidth=614.295pt
* \paperheight=794.96999pt
* \textwidth=469.75502pt
* \textheight=650.43001pt
* \oddsidemargin=0.0pt
* \evensidemargin=0.0pt
* \topmargin=-37.0pt
* \headheight=12.0pt
* \headsep=25.0pt
* \topskip=12.0pt
* \footskip=30.0pt
* \marginparwidth=44.0pt
* \marginparsep=10.0pt
* \columnsep=10.0pt
* \skip\footins=10.8pt plus 4.0pt minus 2.0pt
* \hoffset=0.0pt
* \voffset=0.0pt
* \mag=1000
* \@twocolumnfalse
* \@twosidefalse
* \@mparswitchfalse
* \@reversemarginfalse
* (1in=72.27pt=25.4mm, 1cm=28.453pt)

(c:/texlive/2024/texmf-dist/tex/latex/amsfonts/umsa.fd)
(c:/texlive/2024/texmf-dist/tex/latex/amsfonts/umsb.fd)
(c:/texlive/2024/texmf-dist/tex/latex/psnfss/ts1ptm.fd)
[1{c:/texlive/2024/texmf-var/fonts/map/pdftex/updmap/pdftex.map}{c:/texlive/202
4/texmf-dist/fonts/enc/dvips/base/8r.enc}]

Package natbib Warning: Citation `Arrow1974' on page 2 undefined on input line 
55.


Package natbib Warning: Citation `Becker2009' on page 2 undefined on input line
 55.


Package natbib Warning: Citation `Friedman1970' on page 2 undefined on input li
ne 55.


[2]
[3]
[4] (./my_project.bbl

Package natbib Warning: Empty `thebibliography' environment on input line 3.

)
[5]
[6 <../input/figure_city.jpg> <../input/figure_hwy.jpg>]
(../input/table_reg.tex)

Package natbib Warning: There were undefined citations.


[7] (./my_project.aux)

LaTeX Warning: Label(s) may have changed. Rerun to get cross-references right.

 )<c:/texlive/2024/texmf-dist/fonts/type1/public/amsfonts/cm/cmmi12.pfb><c:/tex
live/2024/texmf-dist/fonts/type1/public/amsfonts/cm/cmsy10.pfb><c:/texlive/2024
/texmf-dist/fonts/type1/urw/times/utmb8a.pfb><c:/texlive/2024/texmf-dist/fonts/
type1/urw/times/utmr8a.pfb><c:/texlive/2024/texmf-dist/fonts/type1/urw/times/ut
mri8a.pfb>
Output written on my_project.pdf (7 pages, 120146 bytes).
Transcript written on my_project.log.
Latexmk: Getting log file 'my_project.log'
Latexmk: Examining 'my_project.fls'
Latexmk: Examining 'my_project.log'
Latexmk: Found input bbl file 'my_project.bbl'
Latexmk: References changed.
Latexmk: Log file says output to 'my_project.pdf'
Latexmk: Found bibliography file(s):
  my_project.bib
Bib file(s) not found in search path:
  my_project.bib
Latexmk: applying rule 'bibtex my_project'...
Rule 'bibtex my_project':  Reasons for rerun
Changed files or newly in use/created:
  my_project.aux

------------
Run number 1 of rule 'bibtex my_project'
------------
------------
Running 'bibtex  "my_project.aux"'
------------
This is BibTeX, Version 0.99d (TeX Live 2024)
The top-level auxiliary file: my_project.aux
The style file: apalike.bst
I couldn't open database file my_project.bib
---line 14 of file my_project.aux
 : \bibdata{my_project
 :                    }
I'm skipping whatever remains of this command
I found no database files---while reading file my_project.aux
Warning--I didn't find a database entry for "Arrow1974"
Warning--I didn't find a database entry for "Becker2009"
Warning--I didn't find a database entry for "Friedman1970"
(There were 2 error messages)
Latexmk: ====Undefined refs and citations with line #s in .tex file:
  Citation `Arrow1974' on page 2 undefined on input line 55
  Citation `Becker2009' on page 2 undefined on input line 55
  Citation `Friedman1970' on page 2 undefined on input line 55
Latexmk: Sometimes, the -f option can be used to get latexmk
  to try to force complete processing.
  But normally, you will need to correct the file(s) that caused the
  error, and then rerun latexmk.
  In some cases, it is best to clean out generated files before rerunning
  latexmk after you've corrected the files.
Reverting Windows console CPs to (in,out) = (850,850)
Latexmk: Summary of warnings from last run of *latex:
  Latex failed to resolve 3 citation(s)
Latexmk: Errors, so I did not complete making targets
Collected error summary (may duplicate other messages):
  bibtex my_project: Bibtex errors: See file 'my_project.blg'

C:\texlive\2024\bin\windows\runscript.tlu:922: command failed with exit code 12:
perl.exe c:\texlive\2024\texmf-dist\scripts\latexmk\latexmk.pl my_project.tex -pdf -bibtex
make.sh finished at 2024-09-10 15:21:49
